2023-08-03 10:23:44,987 INFO org.hibernate.validator.internal.util.Version [background-preinit] HV000001: Hibernate Validator 6.2.5.Final
2023-08-03 10:23:45,066 INFO org.springframework.boot.StartupInfoLogger [restartedMain] Starting OrderServiceApplication using Java 17.0.7 on LVAGPLTP4602 with PID 1456 (C:\Users\kristine.kaposte\OneDrive - Accenture\Desktop\Projects\orderService\target\classes started by kristine.kaposte in C:\Users\kristine.kaposte\OneDrive - Accenture\Desktop\Projects\orderService)
2023-08-03 10:23:45,068 INFO org.springframework.boot.SpringApplication [restartedMain] No active profile set, falling back to 1 default profile: "default"
2023-08-03 10:23:45,193 INFO org.springframework.boot.logging.DeferredLog [restartedMain] Devtools property defaults active! Set 'spring.devtools.add-properties' to 'false' to disable
2023-08-03 10:23:45,194 INFO org.springframework.boot.logging.DeferredLog [restartedMain] For additional web related logging consider setting the 'logging.level.web' property to 'DEBUG'
2023-08-03 10:23:47,070 INFO org.springframework.data.repository.config.RepositoryConfigurationDelegate [restartedMain] Bootstrapping Spring Data JPA repositories in DEFAULT mode.
2023-08-03 10:23:47,208 INFO org.springframework.data.repository.config.RepositoryConfigurationDelegate [restartedMain] Finished Spring Data repository scanning in 112 ms. Found 1 JPA repository interfaces.
2023-08-03 10:23:48,699 INFO org.springframework.boot.web.embedded.tomcat.TomcatWebServer [restartedMain] Tomcat initialized with port(s): 5052 (http)
2023-08-03 10:23:48,713 INFO org.apache.juli.logging.DirectJDKLog [restartedMain] Initializing ProtocolHandler ["http-nio-5052"]
2023-08-03 10:23:48,719 INFO org.apache.juli.logging.DirectJDKLog [restartedMain] Starting service [Tomcat]
2023-08-03 10:23:48,720 INFO org.apache.juli.logging.DirectJDKLog [restartedMain] Starting Servlet engine: [Apache Tomcat/9.0.78]
2023-08-03 10:23:48,925 INFO org.apache.juli.logging.DirectJDKLog [restartedMain] Initializing Spring embedded WebApplicationContext
2023-08-03 10:23:48,926 INFO org.springframework.boot.web.servlet.context.ServletWebServerApplicationContext [restartedMain] Root WebApplicationContext: initialization completed in 3730 ms
2023-08-03 10:23:49,266 INFO org.flywaydb.core.internal.logging.slf4j.Slf4jLog [restartedMain] Flyway Community Edition 8.5.13 by Redgate
2023-08-03 10:23:49,267 INFO org.flywaydb.core.internal.logging.slf4j.Slf4jLog [restartedMain] See what's new here: https://flywaydb.org/documentation/learnmore/releaseNotes#8.5.13
2023-08-03 10:23:49,267 INFO org.flywaydb.core.internal.logging.slf4j.Slf4jLog [restartedMain] 
2023-08-03 10:23:49,286 INFO com.zaxxer.hikari.HikariDataSource [restartedMain] HikariPool-1 - Starting...
2023-08-03 10:23:49,975 INFO com.zaxxer.hikari.HikariDataSource [restartedMain] HikariPool-1 - Start completed.
2023-08-03 10:23:50,026 INFO org.flywaydb.core.internal.logging.slf4j.Slf4jLog [restartedMain] Database: jdbc:mysql://localhost:3306/orderdb (MySQL 8.0)
2023-08-03 10:23:50,187 INFO org.flywaydb.core.internal.logging.slf4j.Slf4jLog [restartedMain] Successfully validated 2 migrations (execution time 00:00.077s)
2023-08-03 10:23:50,210 INFO org.flywaydb.core.internal.logging.slf4j.Slf4jLog [restartedMain] Current version of schema `orderdb`: 1.0.2
2023-08-03 10:23:50,213 INFO org.flywaydb.core.internal.logging.slf4j.Slf4jLog [restartedMain] Schema `orderdb` is up to date. No migration necessary.
2023-08-03 10:23:50,376 INFO org.hibernate.jpa.internal.util.LogHelper [restartedMain] HHH000204: Processing PersistenceUnitInfo [name: default]
2023-08-03 10:23:50,511 INFO org.hibernate.Version [restartedMain] HHH000412: Hibernate ORM core version 5.6.15.Final
2023-08-03 10:23:50,915 INFO org.hibernate.annotations.common.reflection.java.JavaReflectionManager [restartedMain] HCANN000001: Hibernate Commons Annotations {5.1.2.Final}
2023-08-03 10:23:51,217 INFO org.hibernate.dialect.Dialect [restartedMain] HHH000400: Using dialect: org.hibernate.dialect.MySQL8Dialect
2023-08-03 10:23:52,349 INFO org.hibernate.engine.transaction.jta.platform.internal.JtaPlatformInitiator [restartedMain] HHH000490: Using JtaPlatform implementation: [org.hibernate.engine.transaction.jta.platform.internal.NoJtaPlatform]
2023-08-03 10:23:52,365 INFO org.springframework.orm.jpa.AbstractEntityManagerFactoryBean [restartedMain] Initialized JPA EntityManagerFactory for persistence unit 'default'
2023-08-03 10:23:53,225 WARN org.springframework.boot.autoconfigure.orm.jpa.JpaBaseConfiguration$JpaWebConfiguration [restartedMain] spring.jpa.open-in-view is enabled by default. Therefore, database queries may be performed during view rendering. Explicitly configure spring.jpa.open-in-view to disable this warning
2023-08-03 10:23:53,650 INFO org.springframework.boot.devtools.autoconfigure.OptionalLiveReloadServer [restartedMain] LiveReload server is running on port 35729
2023-08-03 10:23:54,056 WARN org.springframework.boot.autoconfigure.thymeleaf.ThymeleafAutoConfiguration$DefaultTemplateResolverConfiguration [restartedMain] Cannot find template location: classpath:/templates/ (please add some templates, check your Thymeleaf configuration, or set spring.thymeleaf.check-template-location=false)
2023-08-03 10:23:54,218 INFO org.apache.juli.logging.DirectJDKLog [restartedMain] Starting ProtocolHandler ["http-nio-5052"]
2023-08-03 10:23:54,272 INFO org.springframework.boot.web.embedded.tomcat.TomcatWebServer [restartedMain] Tomcat started on port(s): 5052 (http) with context path ''
2023-08-03 10:23:54,427 INFO org.apache.juli.logging.DirectJDKLog [http-nio-5052-exec-1] Initializing Spring DispatcherServlet 'dispatcherServlet'
2023-08-03 10:23:54,427 INFO org.springframework.web.servlet.FrameworkServlet [http-nio-5052-exec-1] Initializing Servlet 'dispatcherServlet'
2023-08-03 10:23:54,430 INFO org.springframework.web.servlet.FrameworkServlet [http-nio-5052-exec-1] Completed initialization in 2 ms
2023-08-03 10:23:54,750 INFO org.springframework.boot.StartupInfoLogger [restartedMain] Started OrderServiceApplication in 10.674 seconds (JVM running for 12.738)
2023-08-03 10:24:39,985 INFO com.orderService.business.service.impl.OrderServiceImpl [http-nio-5052-exec-10] Size of the Order list: 3
2023-08-03 10:24:39,985 INFO com.orderService.web.controller.OrderController [http-nio-5052-exec-10] List size: 3
2023-08-03 10:26:12,218 INFO org.springframework.orm.jpa.AbstractEntityManagerFactoryBean [SpringApplicationShutdownHook] Closing JPA EntityManagerFactory for persistence unit 'default'
2023-08-03 10:26:12,221 INFO com.zaxxer.hikari.HikariDataSource [SpringApplicationShutdownHook] HikariPool-1 - Shutdown initiated...
2023-08-03 10:26:12,236 INFO com.zaxxer.hikari.HikariDataSource [SpringApplicationShutdownHook] HikariPool-1 - Shutdown completed.
2023-08-03 10:26:24,688 INFO org.hibernate.validator.internal.util.Version [background-preinit] HV000001: Hibernate Validator 6.2.5.Final
2023-08-03 10:26:24,758 INFO org.springframework.boot.StartupInfoLogger [restartedMain] Starting OrderServiceApplication using Java 17.0.7 on LVAGPLTP4602 with PID 3812 (C:\Users\kristine.kaposte\OneDrive - Accenture\Desktop\Projects\orderService\target\classes started by kristine.kaposte in C:\Users\kristine.kaposte\OneDrive - Accenture\Desktop\Projects\orderService)
2023-08-03 10:26:24,759 INFO org.springframework.boot.SpringApplication [restartedMain] No active profile set, falling back to 1 default profile: "default"
2023-08-03 10:26:24,887 INFO org.springframework.boot.logging.DeferredLog [restartedMain] Devtools property defaults active! Set 'spring.devtools.add-properties' to 'false' to disable
2023-08-03 10:26:24,888 INFO org.springframework.boot.logging.DeferredLog [restartedMain] For additional web related logging consider setting the 'logging.level.web' property to 'DEBUG'
2023-08-03 10:26:26,880 INFO org.springframework.data.repository.config.RepositoryConfigurationDelegate [restartedMain] Bootstrapping Spring Data JPA repositories in DEFAULT mode.
2023-08-03 10:26:27,013 INFO org.springframework.data.repository.config.RepositoryConfigurationDelegate [restartedMain] Finished Spring Data repository scanning in 110 ms. Found 1 JPA repository interfaces.
2023-08-03 10:26:29,494 INFO org.springframework.boot.web.embedded.tomcat.TomcatWebServer [restartedMain] Tomcat initialized with port(s): 5052 (http)
2023-08-03 10:26:29,513 INFO org.apache.juli.logging.DirectJDKLog [restartedMain] Initializing ProtocolHandler ["http-nio-5052"]
2023-08-03 10:26:29,520 INFO org.apache.juli.logging.DirectJDKLog [restartedMain] Starting service [Tomcat]
2023-08-03 10:26:29,520 INFO org.apache.juli.logging.DirectJDKLog [restartedMain] Starting Servlet engine: [Apache Tomcat/9.0.78]
2023-08-03 10:26:29,787 INFO org.apache.juli.logging.DirectJDKLog [restartedMain] Initializing Spring embedded WebApplicationContext
2023-08-03 10:26:29,789 INFO org.springframework.boot.web.servlet.context.ServletWebServerApplicationContext [restartedMain] Root WebApplicationContext: initialization completed in 4899 ms
2023-08-03 10:26:30,396 INFO org.flywaydb.core.internal.logging.slf4j.Slf4jLog [restartedMain] Flyway Community Edition 8.5.13 by Redgate
2023-08-03 10:26:30,397 INFO org.flywaydb.core.internal.logging.slf4j.Slf4jLog [restartedMain] See what's new here: https://flywaydb.org/documentation/learnmore/releaseNotes#8.5.13
2023-08-03 10:26:30,398 INFO org.flywaydb.core.internal.logging.slf4j.Slf4jLog [restartedMain] 
2023-08-03 10:26:30,435 INFO com.zaxxer.hikari.HikariDataSource [restartedMain] HikariPool-1 - Starting...
2023-08-03 10:26:31,163 INFO com.zaxxer.hikari.HikariDataSource [restartedMain] HikariPool-1 - Start completed.
2023-08-03 10:26:31,222 INFO org.flywaydb.core.internal.logging.slf4j.Slf4jLog [restartedMain] Database: jdbc:mysql://localhost:3306/orderdb (MySQL 8.0)
2023-08-03 10:26:31,333 INFO org.flywaydb.core.internal.logging.slf4j.Slf4jLog [restartedMain] Successfully validated 2 migrations (execution time 00:00.059s)
2023-08-03 10:26:31,362 INFO org.flywaydb.core.internal.logging.slf4j.Slf4jLog [restartedMain] Current version of schema `orderdb`: 1.0.2
2023-08-03 10:26:31,365 INFO org.flywaydb.core.internal.logging.slf4j.Slf4jLog [restartedMain] Schema `orderdb` is up to date. No migration necessary.
2023-08-03 10:26:31,617 INFO org.hibernate.jpa.internal.util.LogHelper [restartedMain] HHH000204: Processing PersistenceUnitInfo [name: default]
2023-08-03 10:26:31,796 INFO org.hibernate.Version [restartedMain] HHH000412: Hibernate ORM core version 5.6.15.Final
2023-08-03 10:26:32,187 INFO org.hibernate.annotations.common.reflection.java.JavaReflectionManager [restartedMain] HCANN000001: Hibernate Commons Annotations {5.1.2.Final}
2023-08-03 10:26:32,370 INFO org.hibernate.dialect.Dialect [restartedMain] HHH000400: Using dialect: org.hibernate.dialect.MySQL8Dialect
2023-08-03 10:26:33,771 INFO org.hibernate.engine.transaction.jta.platform.internal.JtaPlatformInitiator [restartedMain] HHH000490: Using JtaPlatform implementation: [org.hibernate.engine.transaction.jta.platform.internal.NoJtaPlatform]
2023-08-03 10:26:33,790 INFO org.springframework.orm.jpa.AbstractEntityManagerFactoryBean [restartedMain] Initialized JPA EntityManagerFactory for persistence unit 'default'
2023-08-03 10:26:35,089 WARN org.springframework.boot.autoconfigure.orm.jpa.JpaBaseConfiguration$JpaWebConfiguration [restartedMain] spring.jpa.open-in-view is enabled by default. Therefore, database queries may be performed during view rendering. Explicitly configure spring.jpa.open-in-view to disable this warning
2023-08-03 10:26:35,579 INFO org.springframework.boot.devtools.autoconfigure.OptionalLiveReloadServer [restartedMain] LiveReload server is running on port 35729
2023-08-03 10:26:36,118 WARN org.springframework.boot.autoconfigure.thymeleaf.ThymeleafAutoConfiguration$DefaultTemplateResolverConfiguration [restartedMain] Cannot find template location: classpath:/templates/ (please add some templates, check your Thymeleaf configuration, or set spring.thymeleaf.check-template-location=false)
2023-08-03 10:26:36,322 INFO org.apache.juli.logging.DirectJDKLog [restartedMain] Starting ProtocolHandler ["http-nio-5052"]
2023-08-03 10:26:36,381 INFO org.springframework.boot.web.embedded.tomcat.TomcatWebServer [restartedMain] Tomcat started on port(s): 5052 (http) with context path ''
2023-08-03 10:26:36,795 INFO org.springframework.boot.StartupInfoLogger [restartedMain] Started OrderServiceApplication in 13.021 seconds (JVM running for 15.127)
2023-08-03 10:26:41,072 INFO org.apache.juli.logging.DirectJDKLog [http-nio-5052-exec-1] Initializing Spring DispatcherServlet 'dispatcherServlet'
2023-08-03 10:26:41,073 INFO org.springframework.web.servlet.FrameworkServlet [http-nio-5052-exec-1] Initializing Servlet 'dispatcherServlet'
2023-08-03 10:26:41,075 INFO org.springframework.web.servlet.FrameworkServlet [http-nio-5052-exec-1] Completed initialization in 1 ms
2023-08-03 10:26:45,303 INFO com.orderService.business.service.impl.OrderServiceImpl [http-nio-5052-exec-6] Size of the Order list: 3
2023-08-03 10:26:45,303 INFO com.orderService.web.controller.OrderController [http-nio-5052-exec-6] List size: 3
